
Checking platform configuration ...
IPNAME: lmb_v10, INSTANCE: microblaze_0_ilmb - 1 master(s) : 1 slave(s) 
IPNAME: lmb_v10, INSTANCE: microblaze_0_dlmb - 1 master(s) : 1 slave(s) 
IPNAME: axi_interconnect, INSTANCE: axi4lite_0 - 1 master(s) : 8 slave(s) 
IPNAME: axi_interconnect, INSTANCE: axi4_0 - 5 master(s) : 1 slave(s) 

Checking port drivers...
WARNING:EDK:4180 - PORT: s_axis_s2mm_tuser, CONNECTOR: ETHERNET_dma_rxd_TUSER -
   No driver found. Port will be driven to GND -
   C:\Xilinx\14.2\ISE_DS\EDK\hw\XilinxProcessorIPLib\pcores\axi_dma_v6_01_a\data
   \axi_dma_v2_1_0.mpd line 254 
WARNING:EDK:4180 - PORT: s_axis_s2mm_tid, CONNECTOR: ETHERNET_dma_rxd_TID - No
   driver found. Port will be driven to GND -
   C:\Xilinx\14.2\ISE_DS\EDK\hw\XilinxProcessorIPLib\pcores\axi_dma_v6_01_a\data
   \axi_dma_v2_1_0.mpd line 255 
WARNING:EDK:4180 - PORT: s_axis_s2mm_tdest, CONNECTOR: ETHERNET_dma_rxd_TDEST -
   No driver found. Port will be driven to GND -
   C:\Xilinx\14.2\ISE_DS\EDK\hw\XilinxProcessorIPLib\pcores\axi_dma_v6_01_a\data
   \axi_dma_v2_1_0.mpd line 256 
WARNING:EDK:4181 - PORT: m_axis_mm2s_tuser, CONNECTOR: ETHERNET_dma_txd_TUSER -
   floating connection -
   C:\Xilinx\14.2\ISE_DS\EDK\hw\XilinxProcessorIPLib\pcores\axi_dma_v6_01_a\data
   \axi_dma_v2_1_0.mpd line 222 
WARNING:EDK:4181 - PORT: m_axis_mm2s_tid, CONNECTOR: ETHERNET_dma_txd_TID -
   floating connection -
   C:\Xilinx\14.2\ISE_DS\EDK\hw\XilinxProcessorIPLib\pcores\axi_dma_v6_01_a\data
   \axi_dma_v2_1_0.mpd line 223 
WARNING:EDK:4181 - PORT: m_axis_mm2s_tdest, CONNECTOR: ETHERNET_dma_txd_TDEST -
   floating connection -
   C:\Xilinx\14.2\ISE_DS\EDK\hw\XilinxProcessorIPLib\pcores\axi_dma_v6_01_a\data
   \axi_dma_v2_1_0.mpd line 224 

Performing Clock DRCs...

Performing Reset DRCs...

Overriding system level properties...

INFO: Setting C_RANGE_CHECK = ON for axi_interconnect axi4lite_0.

INFO: Setting C_RANGE_CHECK = OFF for axi_interconnect axi4_0; no DECERR
checking will be performed.

Running system level update procedures...

Running UPDATE Tcl procedures for OPTION SYSLEVEL_UPDATE_PROC...
Invoking MIG ...
MIG returned 0

Running system level DRCs...

Performing System level DRCs on properties...

Running DRC Tcl procedures for OPTION SYSLEVEL_DRC_PROC...
INTC INFO:: Processor_clk not connected.. IRQ to Microblaze is generated on AXI
clock.
WARNING:EDK -  ****************************************************************
WARNING:EDK -  Optimization Alert: axi_interconnect axi4_0: Port 
WARNING:EDK -  INTERCONNECT_ACLK is connected to a clock source slower than (or 
WARNING:EDK -  asynchronous to) the fastest MI slot (connected slave). 
WARNING:EDK -  Throughput may often be improved by connecting INTERCONNECT_ACLK 
WARNING:EDK -  to the same clock source as the fastest performance-critical MI 
WARNING:EDK -  slot.

Conversion to XML complete.
